# JRE version: OpenJDK Runtime Environment Temurin-21.0.8+9 (21.0.8+9) (build 21.0.8+9-LTS)
# Java VM: OpenJDK 64-Bit Server VM Temurin-21.0.8+9 (21.0.8+9-LTS, mixed mode, sharing, tiered, compressed oops, compressed class ptrs, parallel gc, windows-amd64)
GC Precious Log:
 CardTable entry size: 512
 CPUs: 8 total, 8 available
 Memory: 16122M
 Large Page Support: Disabled
 NUMA Support: Disabled
 Compressed Oops: Enabled (32-bit)
 Alignments: Space 512K, Generation 512K, Heap 2M
 Heap Min Capacity: 100M
 Heap Initial Capacity: 100M
 Heap Max Capacity: 2G
 Pre-touch: Disabled
 Parallel Workers: 8
Heap:
 PSYoungGen      total 11776K, used 8855K [0x00000000d5580000, 0x00000000d6400000, 0x0000000100000000)
  eden space 11264K, 74% used [0x00000000d5580000,0x00000000d5dab9c0,0x00000000d6080000)
  from space 512K, 95% used [0x00000000d6200000,0x00000000d627a420,0x00000000d6280000)
  to   space 1536K, 0% used [0x00000000d6080000,0x00000000d6080000,0x00000000d6200000)
 ParOldGen       total 196608K, used 196467K [0x0000000080000000, 0x000000008c000000, 0x00000000d5580000)
  object space 196608K, 99% used [0x0000000080000000,0x000000008bfdcd60,0x000000008c000000)
 Metaspace       used 68153K, committed 69824K, reserved 1114112K
  class space    used 7141K, committed 7872K, reserved 1048576K
GC Heap History (20 events):
Event: 66.888 GC heap before
{Heap before GC invocations=174 (full 3):
 PSYoungGen      total 12800K, used 12448K [0x00000000d5580000, 0x00000000d6300000, 0x0000000100000000)
  eden space 11776K, 100% used [0x00000000d5580000,0x00000000d6100000,0x00000000d6100000)
  from space 1024K, 65% used [0x00000000d6200000,0x00000000d62a8000,0x00000000d6300000)
  to   space 1024K, 0% used [0x00000000d6100000,0x00000000d6100000,0x00000000d6200000)
 ParOldGen       total 193024K, used 192573K [0x0000000080000000, 0x000000008bc80000, 0x00000000d5580000)
  object space 193024K, 99% used [0x0000000080000000,0x000000008bc0f480,0x000000008bc80000)
 Metaspace       used 66584K, committed 68096K, reserved 1114112K
  class space    used 7014K, committed 7680K, reserved 1048576K
}
Event: 66.889 GC heap after
{Heap after GC invocations=174 (full 3):
 PSYoungGen      total 12800K, used 512K [0x00000000d5580000, 0x00000000d6300000, 0x0000000100000000)
  eden space 11776K, 0% used [0x00000000d5580000,0x00000000d5580000,0x00000000d6100000)
  from space 1024K, 50% used [0x00000000d6100000,0x00000000d6180000,0x00000000d6200000)
  to   space 1024K, 0% used [0x00000000d6200000,0x00000000d6200000,0x00000000d6300000)
 ParOldGen       total 193536K, used 193061K [0x0000000080000000, 0x000000008bd00000, 0x00000000d5580000)
  object space 193536K, 99% used [0x0000000080000000,0x000000008bc89480,0x000000008bd00000)
 Metaspace       used 66584K, committed 68096K, reserved 1114112K
  class space    used 7014K, committed 7680K, reserved 1048576K
}
Event: 66.999 GC heap before
{Heap before GC invocations=175 (full 3):
 PSYoungGen      total 12800K, used 12288K [0x00000000d5580000, 0x00000000d6300000, 0x0000000100000000)
  eden space 11776K, 100% used [0x00000000d5580000,0x00000000d6100000,0x00000000d6100000)
  from space 1024K, 50% used [0x00000000d6100000,0x00000000d6180000,0x00000000d6200000)
  to   space 1024K, 0% used [0x00000000d6200000,0x00000000d6200000,0x00000000d6300000)
 ParOldGen       total 193536K, used 193061K [0x0000000080000000, 0x000000008bd00000, 0x00000000d5580000)
  object space 193536K, 99% used [0x0000000080000000,0x000000008bc89480,0x000000008bd00000)
 Metaspace       used 66921K, committed 68480K, reserved 1114112K
  class space    used 7048K, committed 7744K, reserved 1048576K
}
Event: 67.001 GC heap after
{Heap after GC invocations=175 (full 3):
 PSYoungGen      total 12800K, used 512K [0x00000000d5580000, 0x00000000d6300000, 0x0000000100000000)
  eden space 11776K, 0% used [0x00000000d5580000,0x00000000d5580000,0x00000000d6100000)
  from space 1024K, 50% used [0x00000000d6200000,0x00000000d6280020,0x00000000d6300000)
  to   space 1024K, 0% used [0x00000000d6100000,0x00000000d6100000,0x00000000d6200000)
 ParOldGen       total 193536K, used 193445K [0x0000000080000000, 0x000000008bd00000, 0x00000000d5580000)
  object space 193536K, 99% used [0x0000000080000000,0x000000008bce9480,0x000000008bd00000)
 Metaspace       used 66921K, committed 68480K, reserved 1114112K
  class space    used 7048K, committed 7744K, reserved 1048576K
}
Event: 67.512 GC heap before
{Heap before GC invocations=176 (full 3):
 PSYoungGen      total 12800K, used 12288K [0x00000000d5580000, 0x00000000d6300000, 0x0000000100000000)
  eden space 11776K, 100% used [0x00000000d5580000,0x00000000d6100000,0x00000000d6100000)
  from space 1024K, 50% used [0x00000000d6200000,0x00000000d6280020,0x00000000d6300000)
  to   space 1024K, 0% used [0x00000000d6100000,0x00000000d6100000,0x00000000d6200000)
 ParOldGen       total 193536K, used 193445K [0x0000000080000000, 0x000000008bd00000, 0x00000000d5580000)
  object space 193536K, 99% used [0x0000000080000000,0x000000008bce9480,0x000000008bd00000)
 Metaspace       used 67063K, committed 68544K, reserved 1114112K
  class space    used 7054K, committed 7744K, reserved 1048576K
}
Event: 67.513 GC heap after
{Heap after GC invocations=176 (full 3):
 PSYoungGen      total 12800K, used 256K [0x00000000d5580000, 0x00000000d6280000, 0x0000000100000000)
  eden space 11776K, 0% used [0x00000000d5580000,0x00000000d5580000,0x00000000d6100000)
  from space 1024K, 25% used [0x00000000d6100000,0x00000000d6140000,0x00000000d6200000)
  to   space 512K, 0% used [0x00000000d6200000,0x00000000d6200000,0x00000000d6280000)
 ParOldGen       total 194048K, used 193605K [0x0000000080000000, 0x000000008bd80000, 0x00000000d5580000)
  object space 194048K, 99% used [0x0000000080000000,0x000000008bd114a0,0x000000008bd80000)
 Metaspace       used 67063K, committed 68544K, reserved 1114112K
  class space    used 7054K, committed 7744K, reserved 1048576K
}
Event: 67.583 GC heap before
{Heap before GC invocations=177 (full 3):
 PSYoungGen      total 12800K, used 12032K [0x00000000d5580000, 0x00000000d6280000, 0x0000000100000000)
  eden space 11776K, 100% used [0x00000000d5580000,0x00000000d6100000,0x00000000d6100000)
  from space 1024K, 25% used [0x00000000d6100000,0x00000000d6140000,0x00000000d6200000)
  to   space 512K, 0% used [0x00000000d6200000,0x00000000d6200000,0x00000000d6280000)
 ParOldGen       total 194048K, used 193605K [0x0000000080000000, 0x000000008bd80000, 0x00000000d5580000)
  object space 194048K, 99% used [0x0000000080000000,0x000000008bd114a0,0x000000008bd80000)
 Metaspace       used 67201K, committed 68736K, reserved 1114112K
  class space    used 7066K, committed 7744K, reserved 1048576K
}
Event: 67.585 GC heap after
{Heap after GC invocations=177 (full 3):
 PSYoungGen      total 12288K, used 480K [0x00000000d5580000, 0x00000000d6300000, 0x0000000100000000)
  eden space 11776K, 0% used [0x00000000d5580000,0x00000000d5580000,0x00000000d6100000)
  from space 512K, 93% used [0x00000000d6200000,0x00000000d6278020,0x00000000d6280000)
  to   space 1024K, 0% used [0x00000000d6100000,0x00000000d6100000,0x00000000d6200000)
 ParOldGen       total 194048K, used 193733K [0x0000000080000000, 0x000000008bd80000, 0x00000000d5580000)
  object space 194048K, 99% used [0x0000000080000000,0x000000008bd314a0,0x000000008bd80000)
 Metaspace       used 67201K, committed 68736K, reserved 1114112K
  class space    used 7066K, committed 7744K, reserved 1048576K
}
Event: 67.664 GC heap before
{Heap before GC invocations=178 (full 3):
 PSYoungGen      total 12288K, used 12256K [0x00000000d5580000, 0x00000000d6300000, 0x0000000100000000)
  eden space 11776K, 100% used [0x00000000d5580000,0x00000000d6100000,0x00000000d6100000)
  from space 512K, 93% used [0x00000000d6200000,0x00000000d6278020,0x00000000d6280000)
  to   space 1024K, 0% used [0x00000000d6100000,0x00000000d6100000,0x00000000d6200000)
 ParOldGen       total 194048K, used 193733K [0x0000000080000000, 0x000000008bd80000, 0x00000000d5580000)
  object space 194048K, 99% used [0x0000000080000000,0x000000008bd314a0,0x000000008bd80000)
 Metaspace       used 67350K, committed 68864K, reserved 1114112K
  class space    used 7088K, committed 7744K, reserved 1048576K
}
Event: 67.666 GC heap after
{Heap after GC invocations=178 (full 3):
 PSYoungGen      total 12800K, used 256K [0x00000000d5580000, 0x00000000d6280000, 0x0000000100000000)
  eden space 11776K, 0% used [0x00000000d5580000,0x00000000d5580000,0x00000000d6100000)
  from space 1024K, 25% used [0x00000000d6100000,0x00000000d6140000,0x00000000d6200000)
  to   space 512K, 0% used [0x00000000d6200000,0x00000000d6200000,0x00000000d6280000)
 ParOldGen       total 194560K, used 194161K [0x0000000080000000, 0x000000008be00000, 0x00000000d5580000)
  object space 194560K, 99% used [0x0000000080000000,0x000000008bd9c748,0x000000008be00000)
 Metaspace       used 67350K, committed 68864K, reserved 1114112K
  class space    used 7088K, committed 7744K, reserved 1048576K
}
Event: 68.285 GC heap before
{Heap before GC invocations=179 (full 3):
 PSYoungGen      total 12800K, used 11518K [0x00000000d5580000, 0x00000000d6280000, 0x0000000100000000)
  eden space 11776K, 95% used [0x00000000d5580000,0x00000000d607f838,0x00000000d6100000)
  from space 1024K, 25% used [0x00000000d6100000,0x00000000d6140000,0x00000000d6200000)
  to   space 512K, 0% used [0x00000000d6200000,0x00000000d6200000,0x00000000d6280000)
 ParOldGen       total 194560K, used 194161K [0x0000000080000000, 0x000000008be00000, 0x00000000d5580000)
  object space 194560K, 99% used [0x0000000080000000,0x000000008bd9c748,0x000000008be00000)
 Metaspace       used 67579K, committed 69120K, reserved 1114112K
  class space    used 7111K, committed 7808K, reserved 1048576K
}
Event: 68.290 GC heap after
{Heap after GC invocations=179 (full 3):
 PSYoungGen      total 12288K, used 512K [0x00000000d5580000, 0x00000000d6300000, 0x0000000100000000)
  eden space 11776K, 0% used [0x00000000d5580000,0x00000000d5580000,0x00000000d6100000)
  from space 512K, 100% used [0x00000000d6200000,0x00000000d6280000,0x00000000d6280000)
  to   space 1024K, 0% used [0x00000000d6100000,0x00000000d6100000,0x00000000d6200000)
 ParOldGen       total 194560K, used 194413K [0x0000000080000000, 0x000000008be00000, 0x00000000d5580000)
  object space 194560K, 99% used [0x0000000080000000,0x000000008bddb778,0x000000008be00000)
 Metaspace       used 67579K, committed 69120K, reserved 1114112K
  class space    used 7111K, committed 7808K, reserved 1048576K
}
Event: 68.407 GC heap before
{Heap before GC invocations=180 (full 3):
 PSYoungGen      total 12288K, used 12288K [0x00000000d5580000, 0x00000000d6300000, 0x0000000100000000)
  eden space 11776K, 100% used [0x00000000d5580000,0x00000000d6100000,0x00000000d6100000)
  from space 512K, 100% used [0x00000000d6200000,0x00000000d6280000,0x00000000d6280000)
  to   space 1024K, 0% used [0x00000000d6100000,0x00000000d6100000,0x00000000d6200000)
 ParOldGen       total 194560K, used 194413K [0x0000000080000000, 0x000000008be00000, 0x00000000d5580000)
  object space 194560K, 99% used [0x0000000080000000,0x000000008bddb778,0x000000008be00000)
 Metaspace       used 67587K, committed 69120K, reserved 1114112K
  class space    used 7111K, committed 7808K, reserved 1048576K
}
Event: 68.409 GC heap after
{Heap after GC invocations=180 (full 3):
 PSYoungGen      total 12800K, used 729K [0x00000000d5580000, 0x00000000d6300000, 0x0000000100000000)
  eden space 11776K, 0% used [0x00000000d5580000,0x00000000d5580000,0x00000000d6100000)
  from space 1024K, 71% used [0x00000000d6100000,0x00000000d61b6410,0x00000000d6200000)
  to   space 1024K, 0% used [0x00000000d6200000,0x00000000d6200000,0x00000000d6300000)
 ParOldGen       total 195072K, used 194929K [0x0000000080000000, 0x000000008be80000, 0x00000000d5580000)
  object space 195072K, 99% used [0x0000000080000000,0x000000008be5c698,0x000000008be80000)
 Metaspace       used 67587K, committed 69120K, reserved 1114112K
  class space    used 7111K, committed 7808K, reserved 1048576K
}
Event: 68.485 GC heap before
{Heap before GC invocations=181 (full 3):
 PSYoungGen      total 12800K, used 12505K [0x00000000d5580000, 0x00000000d6300000, 0x0000000100000000)
  eden space 11776K, 100% used [0x00000000d5580000,0x00000000d6100000,0x00000000d6100000)
  from space 1024K, 71% used [0x00000000d6100000,0x00000000d61b6410,0x00000000d6200000)
  to   space 1024K, 0% used [0x00000000d6200000,0x00000000d6200000,0x00000000d6300000)
 ParOldGen       total 195072K, used 194929K [0x0000000080000000, 0x000000008be80000, 0x00000000d5580000)
  object space 195072K, 99% used [0x0000000080000000,0x000000008be5c698,0x000000008be80000)
 Metaspace       used 67625K, committed 69184K, reserved 1114112K
  class space    used 7111K, committed 7808K, reserved 1048576K
}
Event: 68.487 GC heap after
{Heap after GC invocations=181 (full 3):
 PSYoungGen      total 12800K, used 448K [0x00000000d5580000, 0x00000000d6300000, 0x0000000100000000)
  eden space 11776K, 0% used [0x00000000d5580000,0x00000000d5580000,0x00000000d6100000)
  from space 1024K, 43% used [0x00000000d6200000,0x00000000d6270000,0x00000000d6300000)
  to   space 1024K, 0% used [0x00000000d6100000,0x00000000d6100000,0x00000000d6200000)
 ParOldGen       total 195584K, used 195502K [0x0000000080000000, 0x000000008bf00000, 0x00000000d5580000)
  object space 195584K, 99% used [0x0000000080000000,0x000000008beebab8,0x000000008bf00000)
 Metaspace       used 67625K, committed 69184K, reserved 1114112K
  class space    used 7111K, committed 7808K, reserved 1048576K
}
Event: 69.170 GC heap before
{Heap before GC invocations=182 (full 3):
 PSYoungGen      total 12800K, used 12223K [0x00000000d5580000, 0x00000000d6300000, 0x0000000100000000)
  eden space 11776K, 99% used [0x00000000d5580000,0x00000000d60fffc8,0x00000000d6100000)
  from space 1024K, 43% used [0x00000000d6200000,0x00000000d6270000,0x00000000d6300000)
  to   space 1024K, 0% used [0x00000000d6100000,0x00000000d6100000,0x00000000d6200000)
 ParOldGen       total 195584K, used 195502K [0x0000000080000000, 0x000000008bf00000, 0x00000000d5580000)
  object space 195584K, 99% used [0x0000000080000000,0x000000008beebab8,0x000000008bf00000)
 Metaspace       used 67809K, committed 69440K, reserved 1114112K
  class space    used 7120K, committed 7872K, reserved 1048576K
}
Event: 69.172 GC heap after
{Heap after GC invocations=182 (full 3):
 PSYoungGen      total 12800K, used 480K [0x00000000d5580000, 0x00000000d6280000, 0x0000000100000000)
  eden space 11776K, 0% used [0x00000000d5580000,0x00000000d5580000,0x00000000d6100000)
  from space 1024K, 46% used [0x00000000d6100000,0x00000000d6178000,0x00000000d6200000)
  to   space 512K, 0% used [0x00000000d6200000,0x00000000d6200000,0x00000000d6280000)
 ParOldGen       total 196096K, used 195806K [0x0000000080000000, 0x000000008bf80000, 0x00000000d5580000)
  object space 196096K, 99% used [0x0000000080000000,0x000000008bf37ab8,0x000000008bf80000)
 Metaspace       used 67809K, committed 69440K, reserved 1114112K
  class space    used 7120K, committed 7872K, reserved 1048576K
}
Event: 1104.247 GC heap before
{Heap before GC invocations=183 (full 3):
 PSYoungGen      total 12800K, used 12256K [0x00000000d5580000, 0x00000000d6280000, 0x0000000100000000)
  eden space 11776K, 100% used [0x00000000d5580000,0x00000000d6100000,0x00000000d6100000)
  from space 1024K, 46% used [0x00000000d6100000,0x00000000d6178000,0x00000000d6200000)
  to   space 512K, 0% used [0x00000000d6200000,0x00000000d6200000,0x00000000d6280000)
 ParOldGen       total 196096K, used 195806K [0x0000000080000000, 0x000000008bf80000, 0x00000000d5580000)
  object space 196096K, 99% used [0x0000000080000000,0x000000008bf37ab8,0x000000008bf80000)
 Metaspace       used 67922K, committed 69504K, reserved 1114112K
  class space    used 7127K, committed 7872K, reserved 1048576K
}
Event: 1104.250 GC heap after
{Heap after GC invocations=183 (full 3):
 PSYoungGen      total 11776K, used 489K [0x00000000d5580000, 0x00000000d6400000, 0x0000000100000000)
  eden space 11264K, 0% used [0x00000000d5580000,0x00000000d5580000,0x00000000d6080000)
  from space 512K, 95% used [0x00000000d6200000,0x00000000d627a420,0x00000000d6280000)
  to   space 1536K, 0% used [0x00000000d6080000,0x00000000d6080000,0x00000000d6200000)
 ParOldGen       total 196608K, used 196467K [0x0000000080000000, 0x000000008c000000, 0x00000000d5580000)
  object space 196608K, 99% used [0x0000000080000000,0x000000008bfdcd60,0x000000008c000000)
 Metaspace       used 67922K, committed 69504K, reserved 1114112K
  class space    used 7127K, committed 7872K, reserved 1048576K
}

